<?xml version="1.0" encoding="UTF-8"?>
<testsuite xmlns:xsi="http://www.w3.org/2001/XMLSchema-instance" xsi:noNamespaceSchemaLocation="https://maven.apache.org/surefire/maven-surefire-plugin/xsd/surefire-test-report-3.0.xsd" version="3.0" name="org.example.TriangleTest" time="0.252" tests="4" errors="0" skipped="0" failures="0">
  <properties>
[...]
</properties>
  <testcase name="test2" classname="org.example.TriangleTest" time="0.035">
    <system-out><![CDATA[15:38:15,526 |-INFO in ch.qos.logback.classic.LoggerContext[default] - Found resource [logback-test.xml] at [file:/C:/Users/Switch/IdeaProjects/Rakitin/target/test-classes/logback-test.xml]
15:38:15,620 |-INFO in ch.qos.logback.classic.joran.action.ConfigurationAction - debug attribute not set
15:38:15,621 |-INFO in ch.qos.logback.core.joran.action.AppenderAction - About to instantiate appender of type [ch.qos.logback.core.ConsoleAppender]
15:38:15,629 |-INFO in ch.qos.logback.core.joran.action.AppenderAction - Naming appender as [CONSOLE]
15:38:15,668 |-WARN in ch.qos.logback.core.ConsoleAppender[CONSOLE] - This appender no longer admits a layout as a sub-component, set an encoder instead.
15:38:15,668 |-WARN in ch.qos.logback.core.ConsoleAppender[CONSOLE] - To ensure compatibility, wrapping your layout in LayoutWrappingEncoder.
15:38:15,668 |-WARN in ch.qos.logback.core.ConsoleAppender[CONSOLE] - See also http://logback.qos.ch/codes.html#layoutInsteadOfEncoder for details
15:38:15,668 |-INFO in ch.qos.logback.classic.joran.action.RootLoggerAction - Setting level of ROOT logger to INFO
15:38:15,668 |-INFO in ch.qos.logback.core.joran.action.AppenderRefAction - Attaching appender named [CONSOLE] to Logger[ROOT]
15:38:15,669 |-INFO in ch.qos.logback.classic.joran.action.ConfigurationAction - End of configuration.
15:38:15,670 |-INFO in ch.qos.logback.classic.joran.JoranConfigurator@4e07b95f - Registering current configuration as safe fallback point

]]></system-out>
  </testcase>
  <testcase name="test3" classname="org.example.TriangleTest" time="0.001"/>
  <testcase name="test4" classname="org.example.TriangleTest" time="0.001"/>
  <testcase name="test5" classname="org.example.TriangleTest" time="0.001"/>
</testsuite>